mktextfm pzdr
mktextfm psyr
mktextfm pzdr
mktextfm psyr
mktextfm pplr7t
mktextfm pplr7t
mktextfm pplrc7t
mktextfm pplr7t
mktextfm pplb7t
mktextfm nullfont
mktextfm pplb7t
mktextfm nullfont
mktextfm pplr7t
mktextfm pplr7t
mktextfm zplmr7m
mktextfm zplmr7m
mktextfm zplmr7m
mktextfm zplmr7y
mktextfm zplmr7y
mktextfm zplmr7y
mktextfm zplmr7v
mktextfm zplmr7v
mktextfm zplmr7v
mktextfm zplmr7t
mktextfm zplmr7t
mktextfm zplmr7t
mktextfm pplb7t
mktextfm pplb7t
mktextfm zplmb7m
mktextfm zplmb7m
mktextfm zplmb7m
mktextfm zplmb7y
mktextfm zplmb7y
mktextfm zplmb7y
mktextfm zplmb7t
mktextfm zplmb7t
mktextfm zplmb7t
mktextfm pplb7t
mktextfm nullfont
mktextfm pplr7t
mktextfm pplb7t
mktextfm nullfont
mktextfm pplr7t
mktextfm pplb7t
mktextfm nullfont
mktextfm pplri7t
